<?xml version="1.0" encoding="UTF-8"?>
<!-- Generated by org.testng.reporters.JUnitReportReporter -->
<testsuite hostname="Vani" failures="0" tests="2" name="com.orangehrm.test.LoginPageTest" time="22.617" errors="0" timestamp="2026-01-15T10:06:27 EST" skipped="0">
  <testcase classname="com.orangehrm.test.LoginPageTest" name="verifyvalidlogin1" time="9.356"/>
  <testcase classname="com.orangehrm.test.LoginPageTest" name="verifyvalidlogin" time="13.261"/>
</testsuite> <!-- com.orangehrm.test.LoginPageTest -->
