<?xml version="1.0" encoding="UTF-8"?>
<!-- Generated by org.testng.reporters.JUnitXMLReporter -->
<testsuite ignored="0" hostname="Vani" failures="0" tests="2" name="Test" time="8.026" errors="0" timestamp="2026-01-08T22:36:21 EST">
  <testcase classname="com.orangehrm.test.LoginPageTest" name="@BeforeMethod setuppage" time="0.0">
    <failure type="java.lang.IllegalStateException" message="Driver instance is not initialized">
      <![CDATA[java.lang.IllegalStateException: Driver instance is not initialized
at com.orangehrm.base.BaseClass.getDriver(BaseClass.java:130)
at com.orangehrm.test.LoginPageTest.setuppage(LoginPageTest.java:18)
at java.base/java.util.concurrent.Executors$RunnableAdapter.call(Executors.java:545)
at java.base/java.util.concurrent.FutureTask.run(FutureTask.java:328)
at java.base/java.util.concurrent.ThreadPoolExecutor.runWorker(ThreadPoolExecutor.java:1090)
at java.base/java.util.concurrent.ThreadPoolExecutor$Worker.run(ThreadPoolExecutor.java:614)
at java.base/java.lang.Thread.run(Thread.java:1474)
... Removed 15 stack frames]]>
    </failure>
  </testcase> <!-- @BeforeMethod setuppage -->
  <testcase classname="com.orangehrm.base.BaseClass" name="@AfterClass teardown" time="0.0">
    <skipped/>
  </testcase> <!-- @AfterClass teardown -->
  <testcase classname="com.orangehrm.test.LoginPageTest" name="invalidLogin" time="0.002">
    <skipped/>
  </testcase> <!-- invalidLogin -->
  <testcase classname="com.orangehrm.test.LoginPageTest" name="verifyvalidlogin" time="4.968"/>
</testsuite> <!-- Test -->
