<?xml version="1.0" encoding="UTF-8"?>
<!-- Generated by org.testng.reporters.JUnitXMLReporter -->
<testsuite ignored="2" hostname="Vani" failures="0" tests="4" name="Test" time="24.522" errors="0" timestamp="2026-01-15T10:06:27 EST">
  <testcase classname="com.orangehrm.test.LoginPageTest" name="verifyvalidlogin" time="6.144"/>
  <testcase classname="com.orangehrm.test.LoginPageNegativeTest" name="invalidLogin" time="6.642"/>
  <testcase classname="com.orangehrm.test.HomePageTest" name="verifyOrangeHRMLogo" time="6.539"/>
  <testcase classname="com.orangehrm.test.LoginPageTest" name="verifyvalidlogin1" time="4.629"/>
  <testcase classname="com.orangehrm.base.BaseClass" name="@BeforeSuite loadconfig" time="0.0">
    <ignored/>
  </testcase> <!-- @BeforeSuite loadconfig -->
  <testcase classname="com.orangehrm.base.BaseClass" name="@BeforeSuite loadconfig" time="0.0">
    <ignored/>
  </testcase> <!-- @BeforeSuite loadconfig -->
</testsuite> <!-- Test -->
