<?xml version="1.0" encoding="UTF-8"?>
<testng-results ignored="0" total="4" passed="4" failed="0" skipped="0">
  <reporter-output>
  </reporter-output>
  <suite started-at="2026-01-15T10:06:02 EST" name="Suite" finished-at="2026-01-15T10:06:26 EST" duration-ms="24522">
    <groups>
    </groups>
    <test started-at="2026-01-15T10:06:02 EST" name="Test" finished-at="2026-01-15T10:06:26 EST" duration-ms="24522">
      <class name="com.orangehrm.test.HomePageTest">
        <test-method is-config="true" signature="setup()[pri:0, instance:com.orangehrm.test.HomePageTest@73302995]" started-at="2026-01-15T10:06:03 EST" name="setup" finished-at="2026-01-15T10:06:10 EST" duration-ms="6994" status="PASS">
          <reporter-output>
          </reporter-output>
        </test-method> <!-- setup -->
        <test-method is-config="true" signature="setuppage()[pri:0, instance:com.orangehrm.test.HomePageTest@73302995]" started-at="2026-01-15T10:06:10 EST" name="setuppage" finished-at="2026-01-15T10:06:10 EST" duration-ms="80" status="PASS">
          <reporter-output>
          </reporter-output>
        </test-method> <!-- setuppage -->
        <test-method signature="verifyOrangeHRMLogo(java.lang.String,java.lang.String)[pri:0, instance:com.orangehrm.test.HomePageTest@73302995]" started-at="2026-01-15T10:06:10 EST" name="verifyOrangeHRMLogo" data-provider="validLogindata" finished-at="2026-01-15T10:06:17 EST" duration-ms="6539" status="PASS">
          <params>
            <param index="0">
              <value>
                <![CDATA[Admin]]>
              </value>
            </param>
            <param index="1">
              <value>
                <![CDATA[admin123]]>
              </value>
            </param>
          </params>
          <reporter-output>
          </reporter-output>
        </test-method> <!-- verifyOrangeHRMLogo -->
        <test-method is-config="true" signature="teardown()[pri:0, instance:com.orangehrm.test.HomePageTest@73302995]" started-at="2026-01-15T10:06:17 EST" name="teardown" finished-at="2026-01-15T10:06:17 EST" duration-ms="215" status="PASS">
          <reporter-output>
          </reporter-output>
        </test-method> <!-- teardown -->
      </class> <!-- com.orangehrm.test.HomePageTest -->
      <class name="com.orangehrm.test.LoginPageNegativeTest">
        <test-method is-config="true" signature="setup()[pri:0, instance:com.orangehrm.test.LoginPageNegativeTest@1838ccb8]" started-at="2026-01-15T10:06:03 EST" name="setup" finished-at="2026-01-15T10:06:10 EST" duration-ms="6911" status="PASS">
          <reporter-output>
          </reporter-output>
        </test-method> <!-- setup -->
        <test-method is-config="true" signature="setuppage()[pri:0, instance:com.orangehrm.test.LoginPageNegativeTest@1838ccb8]" started-at="2026-01-15T10:06:10 EST" name="setuppage" finished-at="2026-01-15T10:06:10 EST" duration-ms="55" status="PASS">
          <reporter-output>
          </reporter-output>
        </test-method> <!-- setuppage -->
        <test-method signature="invalidLogin(java.lang.String,java.lang.String)[pri:0, instance:com.orangehrm.test.LoginPageNegativeTest@1838ccb8]" started-at="2026-01-15T10:06:10 EST" name="invalidLogin" data-provider="invalidLogindata" finished-at="2026-01-15T10:06:17 EST" duration-ms="6642" status="PASS">
          <params>
            <param index="0">
              <value>
                <![CDATA[Admin]]>
              </value>
            </param>
            <param index="1">
              <value>
                <![CDATA[Admin]]>
              </value>
            </param>
          </params>
          <reporter-output>
          </reporter-output>
        </test-method> <!-- invalidLogin -->
        <test-method is-config="true" signature="teardown()[pri:0, instance:com.orangehrm.test.LoginPageNegativeTest@1838ccb8]" started-at="2026-01-15T10:06:17 EST" name="teardown" finished-at="2026-01-15T10:06:17 EST" duration-ms="231" status="PASS">
          <reporter-output>
          </reporter-output>
        </test-method> <!-- teardown -->
      </class> <!-- com.orangehrm.test.LoginPageNegativeTest -->
      <class name="com.orangehrm.test.LoginPageTest">
        <test-method is-config="true" signature="loadconfig()[pri:0, instance:com.orangehrm.test.LoginPageTest@301eda63]" started-at="2026-01-15T10:06:02 EST" name="loadconfig" finished-at="2026-01-15T10:06:02 EST" duration-ms="14" status="PASS">
          <reporter-output>
          </reporter-output>
        </test-method> <!-- loadconfig -->
        <test-method is-config="true" signature="setup()[pri:0, instance:com.orangehrm.test.LoginPageTest@301eda63]" started-at="2026-01-15T10:06:03 EST" name="setup" finished-at="2026-01-15T10:06:10 EST" duration-ms="6911" status="PASS">
          <reporter-output>
          </reporter-output>
        </test-method> <!-- setup -->
        <test-method is-config="true" signature="setuppage()[pri:0, instance:com.orangehrm.test.LoginPageTest@301eda63]" started-at="2026-01-15T10:06:10 EST" name="setuppage" finished-at="2026-01-15T10:06:10 EST" duration-ms="163" status="PASS">
          <reporter-output>
          </reporter-output>
        </test-method> <!-- setuppage -->
        <test-method signature="verifyvalidlogin(java.lang.String,java.lang.String)[pri:0, instance:com.orangehrm.test.LoginPageTest@301eda63]" started-at="2026-01-15T10:06:10 EST" name="verifyvalidlogin" data-provider="validLogindata" finished-at="2026-01-15T10:06:16 EST" duration-ms="6144" status="PASS">
          <params>
            <param index="0">
              <value>
                <![CDATA[Admin]]>
              </value>
            </param>
            <param index="1">
              <value>
                <![CDATA[admin123]]>
              </value>
            </param>
          </params>
          <reporter-output>
          </reporter-output>
        </test-method> <!-- verifyvalidlogin -->
        <test-method is-config="true" signature="teardown()[pri:0, instance:com.orangehrm.test.LoginPageTest@301eda63]" started-at="2026-01-15T10:06:17 EST" name="teardown" finished-at="2026-01-15T10:06:17 EST" duration-ms="432" status="PASS">
          <reporter-output>
          </reporter-output>
        </test-method> <!-- teardown -->
        <test-method is-config="true" signature="setup()[pri:0, instance:com.orangehrm.test.LoginPageTest@301eda63]" started-at="2026-01-15T10:06:17 EST" name="setup" finished-at="2026-01-15T10:06:21 EST" duration-ms="4132" status="PASS">
          <reporter-output>
          </reporter-output>
        </test-method> <!-- setup -->
        <test-method signature="verifyvalidlogin1(java.lang.String,java.lang.String)[pri:0, instance:com.orangehrm.test.LoginPageTest@301eda63]" started-at="2026-01-15T10:06:21 EST" name="verifyvalidlogin1" data-provider="validLogindata" finished-at="2026-01-15T10:06:26 EST" duration-ms="4629" status="PASS">
          <params>
            <param index="0">
              <value>
                <![CDATA[Admin]]>
              </value>
            </param>
            <param index="1">
              <value>
                <![CDATA[admin123]]>
              </value>
            </param>
          </params>
          <reporter-output>
          </reporter-output>
        </test-method> <!-- verifyvalidlogin1 -->
        <test-method is-config="true" signature="setuppage()[pri:0, instance:com.orangehrm.test.LoginPageTest@301eda63]" started-at="2026-01-15T10:06:21 EST" name="setuppage" finished-at="2026-01-15T10:06:21 EST" duration-ms="0" status="PASS">
          <reporter-output>
          </reporter-output>
        </test-method> <!-- setuppage -->
        <test-method is-config="true" signature="teardown()[pri:0, instance:com.orangehrm.test.LoginPageTest@301eda63]" started-at="2026-01-15T10:06:26 EST" name="teardown" finished-at="2026-01-15T10:06:26 EST" duration-ms="206" status="PASS">
          <reporter-output>
          </reporter-output>
        </test-method> <!-- teardown -->
      </class> <!-- com.orangehrm.test.LoginPageTest -->
    </test> <!-- Test -->
  </suite> <!-- Suite -->
</testng-results>
